This is pdfTeX, Version 3.14159265-2.6-1.40.21 (TeX Live 2020) (preloaded format=pdflatex 2020.6.11)  25 SEP 2020 18:49
entering extended mode
 restricted \write18 enabled.
 %&-line parsing enabled.
**5_SI.tex
(./5_SI.tex
LaTeX2e <2020-02-02> patch level 5
L3 programming layer <2020-06-03>
(/Users/christophercrawford/Library/TinyTeX/texmf-dist/tex/latex/base/article.c
ls
Document Class: article 2019/12/20 v1.4l Standard LaTeX document class

(/Users/christophercrawford/Library/TinyTeX/texmf-dist/tex/latex/base/size10.cl
o
File: size10.clo 2019/12/20 v1.4l Standard LaTeX file (size option)
)
\c@part=\count167
\c@section=\count168
\c@subsection=\count169
\c@subsubsection=\count170
\c@paragraph=\count171
\c@subparagraph=\count172
\c@figure=\count173
\c@table=\count174
\abovecaptionskip=\skip47
\belowcaptionskip=\skip48
\bibindent=\dimen134
)
(/Users/christophercrawford/Library/TinyTeX/texmf-dist/tex/latex/lm/lmodern.sty
Package: lmodern 2009/10/30 v1.6 Latin Modern Fonts
LaTeX Font Info:    Overwriting symbol font `operators' in version `normal'
(Font)                  OT1/cmr/m/n --> OT1/lmr/m/n on input line 22.
LaTeX Font Info:    Overwriting symbol font `letters' in version `normal'
(Font)                  OML/cmm/m/it --> OML/lmm/m/it on input line 23.
LaTeX Font Info:    Overwriting symbol font `symbols' in version `normal'
(Font)                  OMS/cmsy/m/n --> OMS/lmsy/m/n on input line 24.
LaTeX Font Info:    Overwriting symbol font `largesymbols' in version `normal'
(Font)                  OMX/cmex/m/n --> OMX/lmex/m/n on input line 25.
LaTeX Font Info:    Overwriting symbol font `operators' in version `bold'
(Font)                  OT1/cmr/bx/n --> OT1/lmr/bx/n on input line 26.
LaTeX Font Info:    Overwriting symbol font `letters' in version `bold'
(Font)                  OML/cmm/b/it --> OML/lmm/b/it on input line 27.
LaTeX Font Info:    Overwriting symbol font `symbols' in version `bold'
(Font)                  OMS/cmsy/b/n --> OMS/lmsy/b/n on input line 28.
LaTeX Font Info:    Overwriting symbol font `largesymbols' in version `bold'
(Font)                  OMX/cmex/m/n --> OMX/lmex/m/n on input line 29.
LaTeX Font Info:    Overwriting math alphabet `\mathbf' in version `normal'
(Font)                  OT1/cmr/bx/n --> OT1/lmr/bx/n on input line 31.
LaTeX Font Info:    Overwriting math alphabet `\mathsf' in version `normal'
(Font)                  OT1/cmss/m/n --> OT1/lmss/m/n on input line 32.
LaTeX Font Info:    Overwriting math alphabet `\mathit' in version `normal'
(Font)                  OT1/cmr/m/it --> OT1/lmr/m/it on input line 33.
LaTeX Font Info:    Overwriting math alphabet `\mathtt' in version `normal'
(Font)                  OT1/cmtt/m/n --> OT1/lmtt/m/n on input line 34.
LaTeX Font Info:    Overwriting math alphabet `\mathbf' in version `bold'
(Font)                  OT1/cmr/bx/n --> OT1/lmr/bx/n on input line 35.
LaTeX Font Info:    Overwriting math alphabet `\mathsf' in version `bold'
(Font)                  OT1/cmss/bx/n --> OT1/lmss/bx/n on input line 36.
LaTeX Font Info:    Overwriting math alphabet `\mathit' in version `bold'
(Font)                  OT1/cmr/bx/it --> OT1/lmr/bx/it on input line 37.
LaTeX Font Info:    Overwriting math alphabet `\mathtt' in version `bold'
(Font)                  OT1/cmtt/m/n --> OT1/lmtt/m/n on input line 38.
)
(/Users/christophercrawford/Library/TinyTeX/texmf-dist/tex/latex/amsfonts/amssy
mb.sty
Package: amssymb 2013/01/14 v3.01 AMS font symbols

(/Users/christophercrawford/Library/TinyTeX/texmf-dist/tex/latex/amsfonts/amsfo
nts.sty
Package: amsfonts 2013/01/14 v3.01 Basic AMSFonts support
\@emptytoks=\toks15
\symAMSa=\mathgroup4
\symAMSb=\mathgroup5
LaTeX Font Info:    Redeclaring math symbol \hbar on input line 98.
LaTeX Font Info:    Overwriting math alphabet `\mathfrak' in version `bold'
(Font)                  U/euf/m/n --> U/euf/b/n on input line 106.
))
(/Users/christophercrawford/Library/TinyTeX/texmf-dist/tex/latex/amsmath/amsmat
h.sty
Package: amsmath 2020/01/20 v2.17e AMS math features
\@mathmargin=\skip49
For additional information on amsmath, use the `?' option.

(/Users/christophercrawford/Library/TinyTeX/texmf-dist/tex/latex/amsmath/amstex
t.sty
Package: amstext 2000/06/29 v2.01 AMS text

(/Users/christophercrawford/Library/TinyTeX/texmf-dist/tex/latex/amsmath/amsgen
.sty
File: amsgen.sty 1999/11/30 v2.0 generic functions
\@emptytoks=\toks16
\ex@=\dimen135
))
(/Users/christophercrawford/Library/TinyTeX/texmf-dist/tex/latex/amsmath/amsbsy
.sty
Package: amsbsy 1999/11/29 v1.2d Bold Symbols
\pmbraise@=\dimen136
)
(/Users/christophercrawford/Library/TinyTeX/texmf-dist/tex/latex/amsmath/amsopn
.sty
Package: amsopn 2016/03/08 v2.02 operator names
)
\inf@bad=\count175
LaTeX Info: Redefining \frac on input line 227.
\uproot@=\count176
\leftroot@=\count177
LaTeX Info: Redefining \overline on input line 389.
\classnum@=\count178
\DOTSCASE@=\count179
LaTeX Info: Redefining \ldots on input line 486.
LaTeX Info: Redefining \dots on input line 489.
LaTeX Info: Redefining \cdots on input line 610.
\Mathstrutbox@=\box45
\strutbox@=\box46
\big@size=\dimen137
LaTeX Font Info:    Redeclaring font encoding OML on input line 733.
LaTeX Font Info:    Redeclaring font encoding OMS on input line 734.
\macc@depth=\count180
\c@MaxMatrixCols=\count181
\dotsspace@=\muskip16
\c@parentequation=\count182
\dspbrk@lvl=\count183
\tag@help=\toks17
\row@=\count184
\column@=\count185
\maxfields@=\count186
\andhelp@=\toks18
\eqnshift@=\dimen138
\alignsep@=\dimen139
\tagshift@=\dimen140
\tagwidth@=\dimen141
\totwidth@=\dimen142
\lineht@=\dimen143
\@envbody=\toks19
\multlinegap=\skip50
\multlinetaggap=\skip51
\mathdisplay@stack=\toks20
LaTeX Info: Redefining \[ on input line 2859.
LaTeX Info: Redefining \] on input line 2860.
)
(/Users/christophercrawford/Library/TinyTeX/texmf-dist/tex/generic/iftex/ifxete
x.sty
Package: ifxetex 2019/10/25 v0.7 ifxetex legacy package. Use iftex instead.

(/Users/christophercrawford/Library/TinyTeX/texmf-dist/tex/generic/iftex/iftex.
sty
Package: iftex 2020/03/06 v1.0d TeX engine tests
))
(/Users/christophercrawford/Library/TinyTeX/texmf-dist/tex/generic/iftex/ifluat
ex.sty
Package: ifluatex 2019/10/25 v1.5 ifluatex legacy package. Use iftex instead.
)
(/Users/christophercrawford/Library/TinyTeX/texmf-dist/tex/latex/base/fontenc.s
ty
Package: fontenc 2020/02/11 v2.0o Standard LaTeX package
LaTeX Font Info:    Trying to load font information for T1+lmr on input line 11
2.
(/Users/christophercrawford/Library/TinyTeX/texmf-dist/tex/latex/lm/t1lmr.fd
File: t1lmr.fd 2009/10/30 v1.6 Font defs for Latin Modern
))
(/Users/christophercrawford/Library/TinyTeX/texmf-dist/tex/latex/base/inputenc.
sty
Package: inputenc 2018/08/11 v1.3c Input encoding file
\inpenc@prehook=\toks21
\inpenc@posthook=\toks22
)
(/Users/christophercrawford/Library/TinyTeX/texmf-dist/tex/latex/base/textcomp.
sty
Package: textcomp 2020/02/02 v2.0n Standard LaTeX package
)
(/Users/christophercrawford/Library/TinyTeX/texmf-dist/tex/latex/xcolor/xcolor.
sty
Package: xcolor 2016/05/11 v2.12 LaTeX color extensions (UK)

(/Users/christophercrawford/Library/TinyTeX/texmf-dist/tex/latex/graphics-cfg/c
olor.cfg
File: color.cfg 2016/01/02 v1.6 sample color configuration
)
Package xcolor Info: Driver file: pdftex.def on input line 225.

(/Users/christophercrawford/Library/TinyTeX/texmf-dist/tex/latex/graphics-def/p
dftex.def
File: pdftex.def 2018/01/08 v1.0l Graphics/color driver for pdftex
)
Package xcolor Info: Model `cmy' substituted by `cmy0' on input line 1348.
Package xcolor Info: Model `hsb' substituted by `rgb' on input line 1352.
Package xcolor Info: Model `RGB' extended on input line 1364.
Package xcolor Info: Model `HTML' substituted by `rgb' on input line 1366.
Package xcolor Info: Model `Hsb' substituted by `hsb' on input line 1367.
Package xcolor Info: Model `tHsb' substituted by `hsb' on input line 1368.
Package xcolor Info: Model `HSB' substituted by `hsb' on input line 1369.
Package xcolor Info: Model `Gray' substituted by `gray' on input line 1370.
Package xcolor Info: Model `wave' substituted by `hsb' on input line 1371.
)
(/Users/christophercrawford/Library/TinyTeX/texmf-dist/tex/latex/hyperref/hyper
ref.sty
Package: hyperref 2020-05-15 v7.00e Hypertext links for LaTeX

(/Users/christophercrawford/Library/TinyTeX/texmf-dist/tex/generic/ltxcmds/ltxc
mds.sty
Package: ltxcmds 2019/12/15 v1.24 LaTeX kernel commands for general use (HO)
)
(/Users/christophercrawford/Library/TinyTeX/texmf-dist/tex/latex/pdftexcmds/pdf
texcmds.sty
Package: pdftexcmds 2020-06-04 v0.32 Utility functions of pdfTeX for LuaTeX (HO
)

(/Users/christophercrawford/Library/TinyTeX/texmf-dist/tex/generic/infwarerr/in
fwarerr.sty
Package: infwarerr 2019/12/03 v1.5 Providing info/warning/error messages (HO)
)
Package pdftexcmds Info: \pdf@primitive is available.
Package pdftexcmds Info: \pdf@ifprimitive is available.
Package pdftexcmds Info: \pdfdraftmode found.
)
(/Users/christophercrawford/Library/TinyTeX/texmf-dist/tex/latex/graphics/keyva
l.sty
Package: keyval 2014/10/28 v1.15 key=value parser (DPC)
\KV@toks@=\toks23
)
(/Users/christophercrawford/Library/TinyTeX/texmf-dist/tex/generic/kvsetkeys/kv
setkeys.sty
Package: kvsetkeys 2019/12/15 v1.18 Key value parser (HO)
)
(/Users/christophercrawford/Library/TinyTeX/texmf-dist/tex/generic/kvdefinekeys
/kvdefinekeys.sty
Package: kvdefinekeys 2019-12-19 v1.6 Define keys (HO)
)
(/Users/christophercrawford/Library/TinyTeX/texmf-dist/tex/generic/pdfescape/pd
fescape.sty
Package: pdfescape 2019/12/09 v1.15 Implements pdfTeX's escape features (HO)
)
(/Users/christophercrawford/Library/TinyTeX/texmf-dist/tex/latex/hycolor/hycolo
r.sty
Package: hycolor 2020-01-27 v1.10 Color options for hyperref/bookmark (HO)
)
(/Users/christophercrawford/Library/TinyTeX/texmf-dist/tex/latex/letltxmacro/le
tltxmacro.sty
Package: letltxmacro 2019/12/03 v1.6 Let assignment for LaTeX macros (HO)
)
(/Users/christophercrawford/Library/TinyTeX/texmf-dist/tex/latex/auxhook/auxhoo
k.sty
Package: auxhook 2019-12-17 v1.6 Hooks for auxiliary files (HO)
)
(/Users/christophercrawford/Library/TinyTeX/texmf-dist/tex/latex/kvoptions/kvop
tions.sty
Package: kvoptions 2019/11/29 v3.13 Key value format for package options (HO)
)
\@linkdim=\dimen144
\Hy@linkcounter=\count187
\Hy@pagecounter=\count188

(/Users/christophercrawford/Library/TinyTeX/texmf-dist/tex/latex/hyperref/pd1en
c.def
File: pd1enc.def 2020-05-15 v7.00e Hyperref: PDFDocEncoding definition (HO)
Now handling font encoding PD1 ...
... no UTF-8 mapping file for font encoding PD1
)
(/Users/christophercrawford/Library/TinyTeX/texmf-dist/tex/generic/intcalc/intc
alc.sty
Package: intcalc 2019/12/15 v1.3 Expandable calculations with integers (HO)
)
(/Users/christophercrawford/Library/TinyTeX/texmf-dist/tex/generic/etexcmds/ete
xcmds.sty
Package: etexcmds 2019/12/15 v1.7 Avoid name clashes with e-TeX commands (HO)
)
\Hy@SavedSpaceFactor=\count189
Package hyperref Info: Option `unicode' set `true' on input line 4338.

(/Users/christophercrawford/Library/TinyTeX/texmf-dist/tex/latex/hyperref/puenc
.def
File: puenc.def 2020-05-15 v7.00e Hyperref: PDF Unicode definition (HO)
Now handling font encoding PU ...
... no UTF-8 mapping file for font encoding PU
)
Package hyperref Info: Hyper figures OFF on input line 4464.
Package hyperref Info: Link nesting OFF on input line 4469.
Package hyperref Info: Hyper index ON on input line 4472.
Package hyperref Info: Plain pages OFF on input line 4479.
Package hyperref Info: Backreferencing OFF on input line 4484.
Package hyperref Info: Implicit mode ON; LaTeX internals redefined.
Package hyperref Info: Bookmarks ON on input line 4717.
\c@Hy@tempcnt=\count190
(/Users/christophercrawford/Library/TinyTeX/texmf-dist/tex/latex/url/url.sty
\Urlmuskip=\muskip17
Package: url 2013/09/16  ver 3.4  Verb mode for urls, etc.
)
LaTeX Info: Redefining \url on input line 5076.
\XeTeXLinkMargin=\dimen145

(/Users/christophercrawford/Library/TinyTeX/texmf-dist/tex/generic/bitset/bitse
t.sty
Package: bitset 2019/12/09 v1.3 Handle bit-vector datatype (HO)

(/Users/christophercrawford/Library/TinyTeX/texmf-dist/tex/generic/bigintcalc/b
igintcalc.sty
Package: bigintcalc 2019/12/15 v1.5 Expandable calculations on big integers (HO
)
))
\Fld@menulength=\count191
\Field@Width=\dimen146
\Fld@charsize=\dimen147
Package hyperref Info: Hyper figures OFF on input line 6347.
Package hyperref Info: Link nesting OFF on input line 6352.
Package hyperref Info: Hyper index ON on input line 6355.
Package hyperref Info: backreferencing OFF on input line 6362.
Package hyperref Info: Link coloring OFF on input line 6367.
Package hyperref Info: Link coloring with OCG OFF on input line 6372.
Package hyperref Info: PDF/A mode OFF on input line 6377.
LaTeX Info: Redefining \ref on input line 6417.
LaTeX Info: Redefining \pageref on input line 6421.

(/Users/christophercrawford/Library/TinyTeX/texmf-dist/tex/generic/atbegshi/atb
egshi.sty
Package: atbegshi 2019/12/05 v1.19 At begin shipout hook (HO)
)
\Hy@abspage=\count192
\c@Item=\count193
\c@Hfootnote=\count194
)
Package hyperref Info: Driver (autodetected): hpdftex.

(/Users/christophercrawford/Library/TinyTeX/texmf-dist/tex/latex/hyperref/hpdft
ex.def
File: hpdftex.def 2020-05-15 v7.00e Hyperref driver for pdfTeX

(/Users/christophercrawford/Library/TinyTeX/texmf-dist/tex/latex/atveryend/atve
ryend.sty
Package: atveryend 2019-12-11 v1.11 Hooks at the very end of document (HO)
Package atveryend Info: \enddocument detected (standard20110627).
)
\Fld@listcount=\count195
\c@bookmark@seq@number=\count196

(/Users/christophercrawford/Library/TinyTeX/texmf-dist/tex/latex/rerunfilecheck
/rerunfilecheck.sty
Package: rerunfilecheck 2019/12/05 v1.9 Rerun checks for auxiliary files (HO)

(/Users/christophercrawford/Library/TinyTeX/texmf-dist/tex/generic/uniquecounte
r/uniquecounter.sty
Package: uniquecounter 2019/12/15 v1.4 Provide unlimited unique counter (HO)
)
Package uniquecounter Info: New unique counter `rerunfilecheck' on input line 2
86.
)
\Hy@SectionHShift=\skip52
)
(/Users/christophercrawford/Library/TinyTeX/texmf-dist/tex/latex/geometry/geome
try.sty
Package: geometry 2020/01/02 v5.9 Page Geometry

(/Users/christophercrawford/Library/TinyTeX/texmf-dist/tex/generic/iftex/ifvtex
.sty
Package: ifvtex 2019/10/25 v1.7 ifvtex legacy package. Use iftex instead.
)
\Gm@cnth=\count197
\Gm@cntv=\count198
\c@Gm@tempcnt=\count199
\Gm@bindingoffset=\dimen148
\Gm@wd@mp=\dimen149
\Gm@odd@mp=\dimen150
\Gm@even@mp=\dimen151
\Gm@layoutwidth=\dimen152
\Gm@layoutheight=\dimen153
\Gm@layouthoffset=\dimen154
\Gm@layoutvoffset=\dimen155
\Gm@dimlist=\toks24
)
(/Users/christophercrawford/Library/TinyTeX/texmf-dist/tex/latex/tools/longtabl
e.sty
Package: longtable 2020/01/07 v4.13 Multi-page Table package (DPC)
\LTleft=\skip53
\LTright=\skip54
\LTpre=\skip55
\LTpost=\skip56
\LTchunksize=\count266
\LTcapwidth=\dimen156
\LT@head=\box47
\LT@firsthead=\box48
\LT@foot=\box49
\LT@lastfoot=\box50
\LT@cols=\count267
\LT@rows=\count268
\c@LT@tables=\count269
\c@LT@chunks=\count270
\LT@p@ftn=\toks25
)
(/Users/christophercrawford/Library/TinyTeX/texmf-dist/tex/latex/booktabs/bookt
abs.sty
Package: booktabs 2020/01/12 v1.61803398 Publication quality tables
\heavyrulewidth=\dimen157
\lightrulewidth=\dimen158
\cmidrulewidth=\dimen159
\belowrulesep=\dimen160
\belowbottomsep=\dimen161
\aboverulesep=\dimen162
\abovetopsep=\dimen163
\cmidrulesep=\dimen164
\cmidrulekern=\dimen165
\defaultaddspace=\dimen166
\@cmidla=\count271
\@cmidlb=\count272
\@aboverulesep=\dimen167
\@belowrulesep=\dimen168
\@thisruleclass=\count273
\@lastruleclass=\count274
\@thisrulewidth=\dimen169
)
(/Users/christophercrawford/Library/TinyTeX/texmf-dist/tex/latex/etoolbox/etool
box.sty
Package: etoolbox 2019/09/21 v2.5h e-TeX tools for LaTeX (JAW)
\etb@tempcnta=\count275
)
(/Users/christophercrawford/Library/TinyTeX/texmf-dist/tex/latex/mdwtools/footn
ote.sty
Package: footnote 1997/01/28 1.13 Save footnotes around boxes
\fn@notes=\box51
\fn@width=\dimen170
)
(/Users/christophercrawford/Library/TinyTeX/texmf-dist/tex/latex/graphics/graph
icx.sty
Package: graphicx 2019/11/30 v1.2a Enhanced LaTeX Graphics (DPC,SPQR)

(/Users/christophercrawford/Library/TinyTeX/texmf-dist/tex/latex/graphics/graph
ics.sty
Package: graphics 2019/11/30 v1.4a Standard LaTeX Graphics (DPC,SPQR)

(/Users/christophercrawford/Library/TinyTeX/texmf-dist/tex/latex/graphics/trig.
sty
Package: trig 2016/01/03 v1.10 sin cos tan (DPC)
)
(/Users/christophercrawford/Library/TinyTeX/texmf-dist/tex/latex/graphics-cfg/g
raphics.cfg
File: graphics.cfg 2016/06/04 v1.11 sample graphics configuration
)
Package graphics Info: Driver file: pdftex.def on input line 105.
)
\Gin@req@height=\dimen171
\Gin@req@width=\dimen172
)
(/Users/christophercrawford/Library/TinyTeX/texmf-dist/tex/latex/grffile/grffil
e.sty
Package: grffile 2019/11/11 v2.1 Extended file name support for graphics (legac
y)
Package grffile Info: This package is an empty stub for compatibility on input 
line 40.
)
(/Users/christophercrawford/Library/TinyTeX/texmf-dist/tex/latex/tocbibind/tocb
ibind.sty
Package: tocbibind 2010/10/13 v1.5k extra ToC listings
Package tocbibind Info: The document has section divisions on input line 50.

Package tocbibind Note: Using section or other style headings.

)
(/Users/christophercrawford/Library/TinyTeX/texmf-dist/tex/latex/float/float.st
y
Package: float 2001/11/08 v1.3d Float enhancements (AL)
\c@float@type=\count276
\float@exts=\toks26
\float@box=\box52
\@float@everytoks=\toks27
\@floatcapt=\box53
)
(/Users/christophercrawford/Library/TinyTeX/texmf-dist/tex/latex/tools/array.st
y
Package: array 2019/08/31 v2.4l Tabular extension package (FMi)
\col@sep=\dimen173
\ar@mcellbox=\box54
\extrarowheight=\dimen174
\NC@list=\toks28
\extratabsurround=\skip57
\backup@length=\skip58
\ar@cellbox=\box55
)
(/Users/christophercrawford/Library/TinyTeX/texmf-dist/tex/latex/multirow/multi
row.sty
Package: multirow 2019/05/31 v2.5 Span multiple rows of a table
\multirow@colwidth=\skip59
\multirow@cntb=\count277
\multirow@dima=\skip60
\bigstrutjot=\dimen175
)
(/Users/christophercrawford/Library/TinyTeX/texmf-dist/tex/latex/wrapfig/wrapfi
g.sty
\wrapoverhang=\dimen176
\WF@size=\dimen177
\c@WF@wrappedlines=\count278
\WF@box=\box56
\WF@everypar=\toks29
Package: wrapfig 2003/01/31  v 3.6
)
(/Users/christophercrawford/Library/TinyTeX/texmf-dist/tex/latex/colortbl/color
tbl.sty
Package: colortbl 2020/01/04 v1.0e Color table columns (DPC)
\everycr=\toks30
\minrowclearance=\skip61
)
(/Users/christophercrawford/Library/TinyTeX/texmf-dist/tex/latex/pdflscape/pdfl
scape.sty
Package: pdflscape 2019/12/05 v0.12 Display of landscape pages in PDF (HO)

(/Users/christophercrawford/Library/TinyTeX/texmf-dist/tex/latex/graphics/lscap
e.sty
Package: lscape 2000/10/22 v3.01 Landscape Pages (DPC)
)
Package pdflscape Info: Auto-detected driver: pdftex on input line 81.
) (/Users/christophercrawford/Library/TinyTeX/texmf-dist/tex/latex/tabu/tabu.st
y
Package: tabu 2019/01/11 v2.9 - flexible LaTeX tabulars (FC+tabu-fixed)

(/Users/christophercrawford/Library/TinyTeX/texmf-dist/tex/latex/varwidth/varwi
dth.sty
Package: varwidth 2009/03/30 ver 0.92;  Variable-width minipages
\@vwid@box=\box57
\sift@deathcycles=\count279
\@vwid@loff=\dimen178
\@vwid@roff=\dimen179
)
\c@taburow=\count280
\tabu@nbcols=\count281
\tabu@cnt=\count282
\tabu@Xcol=\count283
\tabu@alloc=\count284
\tabu@nested=\count285
\tabu@target=\dimen180
\tabu@spreadtarget=\dimen181
\tabu@naturalX=\dimen182
\tabucolX=\dimen183
\tabu@Xsum=\dimen184
\extrarowdepth=\dimen185
\abovetabulinesep=\dimen186
\belowtabulinesep=\dimen187
\tabustrutrule=\dimen188
\tabu@thebody=\toks31
\tabu@footnotes=\toks32
\tabu@box=\box58
\tabu@arstrutbox=\box59
\tabu@hleads=\box60
\tabu@vleads=\box61
\tabu@cellskip=\skip62
)
(/Users/christophercrawford/Library/TinyTeX/texmf-dist/tex/latex/threeparttable
/threeparttable.sty
Package: threeparttable 2003/06/13  v 3.0
\@tempboxb=\box62
)
(/Users/christophercrawford/Library/TinyTeX/texmf-dist/tex/latex/threeparttable
x/threeparttablex.sty
Package: threeparttablex 2013/07/23 v0.3 by daleif

(/Users/christophercrawford/Library/TinyTeX/texmf-dist/tex/latex/environ/enviro
n.sty
Package: environ 2014/05/04 v0.3 A new way to define environments

(/Users/christophercrawford/Library/TinyTeX/texmf-dist/tex/latex/trimspaces/tri
mspaces.sty
Package: trimspaces 2009/09/17 v1.1 Trim spaces around a token list
))
\TPTL@width=\skip63
)
(/Users/christophercrawford/Library/TinyTeX/texmf-dist/tex/generic/ulem/ulem.st
y
\UL@box=\box63
\UL@hyphenbox=\box64
\UL@skip=\skip64
\UL@hook=\toks33
\UL@height=\dimen189
\UL@pe=\count286
\UL@pixel=\dimen190
\ULC@box=\box65
Package: ulem 2019/11/18
\ULdepth=\dimen191
)
(/Users/christophercrawford/Library/TinyTeX/texmf-dist/tex/latex/makecell/makec
ell.sty
Package: makecell 2009/08/03 V0.1e Managing of Tab Column Heads and Cells
\rotheadsize=\dimen192
\c@nlinenum=\count287
\TeXr@lab=\toks34
)
(/Users/christophercrawford/Library/TinyTeX/texmf-dist/tex/latex/l3backend/l3ba
ckend-pdfmode.def
File: l3backend-pdfmode.def 2020-06-03 L3 backend support: PDF mode
\l__kernel_color_stack_int=\count288
\l__pdf_internal_box=\box66
) (./5_SI.aux)
\openout1 = `5_SI.aux'.

LaTeX Font Info:    Checking defaults for OML/cmm/m/it on input line 90.
LaTeX Font Info:    ... okay on input line 90.
LaTeX Font Info:    Checking defaults for OMS/cmsy/m/n on input line 90.
LaTeX Font Info:    ... okay on input line 90.
LaTeX Font Info:    Checking defaults for OT1/cmr/m/n on input line 90.
LaTeX Font Info:    ... okay on input line 90.
LaTeX Font Info:    Checking defaults for T1/cmr/m/n on input line 90.
LaTeX Font Info:    ... okay on input line 90.
LaTeX Font Info:    Checking defaults for TS1/cmr/m/n on input line 90.
LaTeX Font Info:    ... okay on input line 90.
LaTeX Font Info:    Checking defaults for OMX/cmex/m/n on input line 90.
LaTeX Font Info:    ... okay on input line 90.
LaTeX Font Info:    Checking defaults for U/cmr/m/n on input line 90.
LaTeX Font Info:    ... okay on input line 90.
LaTeX Font Info:    Checking defaults for PD1/pdf/m/n on input line 90.
LaTeX Font Info:    ... okay on input line 90.
LaTeX Font Info:    Checking defaults for PU/pdf/m/n on input line 90.
LaTeX Font Info:    ... okay on input line 90.

(/Users/christophercrawford/Library/TinyTeX/texmf-dist/tex/latex/epstopdf-pkg/e
pstopdf-base.sty
Package: epstopdf-base 2020-01-24 v2.11 Base part for package epstopdf
Package epstopdf-base Info: Redefining graphics rule for `.eps' on input line 4
85.

(/Users/christophercrawford/Library/TinyTeX/texmf-dist/tex/latex/latexconfig/ep
stopdf-sys.cfg
File: epstopdf-sys.cfg 2010/07/13 v1.3 Configuration of (r)epstopdf for TeX Liv
e
))
\AtBeginShipoutBox=\box67
Package hyperref Info: Link coloring OFF on input line 90.

(/Users/christophercrawford/Library/TinyTeX/texmf-dist/tex/latex/hyperref/namer
ef.sty
Package: nameref 2019/09/16 v2.46 Cross-referencing by name of section

(/Users/christophercrawford/Library/TinyTeX/texmf-dist/tex/latex/refcount/refco
unt.sty
Package: refcount 2019/12/15 v3.6 Data extraction from label references (HO)
)
(/Users/christophercrawford/Library/TinyTeX/texmf-dist/tex/generic/gettitlestri
ng/gettitlestring.sty
Package: gettitlestring 2019/12/15 v1.6 Cleanup title references (HO)
)
\c@section@level=\count289
)
LaTeX Info: Redefining \ref on input line 90.
LaTeX Info: Redefining \pageref on input line 90.
LaTeX Info: Redefining \nameref on input line 90.
(./5_SI.out) (./5_SI.out)
\@outlinefile=\write3
\openout3 = `5_SI.out'.

*geometry* driver: auto-detecting
*geometry* detected driver: pdftex
*geometry* verbose mode - [ preamble ] result:
* driver: pdftex
* paper: <default>
* layout: <same size as paper>
* layoutoffset:(h,v)=(0.0pt,0.0pt)
* modes: 
* h-part:(L,W,R)=(72.26999pt, 469.75502pt, 72.26999pt)
* v-part:(T,H,B)=(72.26999pt, 650.43001pt, 72.26999pt)
* \paperwidth=614.295pt
* \paperheight=794.96999pt
* \textwidth=469.75502pt
* \textheight=650.43001pt
* \oddsidemargin=0.0pt
* \evensidemargin=0.0pt
* \topmargin=-37.0pt
* \headheight=12.0pt
* \headsep=25.0pt
* \topskip=10.0pt
* \footskip=30.0pt
* \marginparwidth=65.0pt
* \marginparsep=11.0pt
* \columnsep=10.0pt
* \skip\footins=9.0pt plus 4.0pt minus 2.0pt
* \hoffset=0.0pt
* \voffset=0.0pt
* \mag=1000
* \@twocolumnfalse
* \@twosidefalse
* \@mparswitchfalse
* \@reversemarginfalse
* (1in=72.27pt=25.4mm, 1cm=28.453pt)

LaTeX Font Info:    Trying to load font information for OT1+lmr on input line 9
2.
(/Users/christophercrawford/Library/TinyTeX/texmf-dist/tex/latex/lm/ot1lmr.fd
File: ot1lmr.fd 2009/10/30 v1.6 Font defs for Latin Modern
)
LaTeX Font Info:    Trying to load font information for OML+lmm on input line 9
2.
(/Users/christophercrawford/Library/TinyTeX/texmf-dist/tex/latex/lm/omllmm.fd
File: omllmm.fd 2009/10/30 v1.6 Font defs for Latin Modern
)
LaTeX Font Info:    Trying to load font information for OMS+lmsy on input line 
92.
(/Users/christophercrawford/Library/TinyTeX/texmf-dist/tex/latex/lm/omslmsy.fd
File: omslmsy.fd 2009/10/30 v1.6 Font defs for Latin Modern
)
LaTeX Font Info:    Trying to load font information for OMX+lmex on input line 
92.
(/Users/christophercrawford/Library/TinyTeX/texmf-dist/tex/latex/lm/omxlmex.fd
File: omxlmex.fd 2009/10/30 v1.6 Font defs for Latin Modern
)
LaTeX Font Info:    External font `lmex10' loaded for size
(Font)              <12> on input line 92.
LaTeX Font Info:    External font `lmex10' loaded for size
(Font)              <8> on input line 92.
LaTeX Font Info:    External font `lmex10' loaded for size
(Font)              <6> on input line 92.
LaTeX Font Info:    Trying to load font information for U+msa on input line 92.


(/Users/christophercrawford/Library/TinyTeX/texmf-dist/tex/latex/amsfonts/umsa.
fd
File: umsa.fd 2013/01/14 v3.01 AMS symbols A
)
LaTeX Font Info:    Trying to load font information for U+msb on input line 92.


(/Users/christophercrawford/Library/TinyTeX/texmf-dist/tex/latex/amsfonts/umsb.
fd
File: umsb.fd 2013/01/14 v3.01 AMS symbols B
)
LaTeX Font Info:    Trying to load font information for TS1+lmr on input line 9
2.
(/Users/christophercrawford/Library/TinyTeX/texmf-dist/tex/latex/lm/ts1lmr.fd
File: ts1lmr.fd 2009/10/30 v1.6 Font defs for Latin Modern
)
LaTeX Font Info:    External font `lmex10' loaded for size
(Font)              <5> on input line 92.
(./5_SI.toc
LaTeX Font Info:    External font `lmex10' loaded for size
(Font)              <10> on input line 3.
LaTeX Font Info:    External font `lmex10' loaded for size
(Font)              <7> on input line 3.
[1

{/Users/christophercrawford/Library/TinyTeX/texmf-var/fonts/map/pdftex/updmap/p
dftex.map}])
\tf@toc=\write4
\openout4 = `5_SI.toc'.

(./5_SI.lof [2] [3])
\tf@lof=\write5
\openout5 = `5_SI.lof'.

LaTeX Font Info:    Trying to load font information for T1+lmtt on input line 1
05.
(/Users/christophercrawford/Library/TinyTeX/texmf-dist/tex/latex/lm/t1lmtt.fd
File: t1lmtt.fd 2009/10/30 v1.6 Font defs for Latin Modern
) [4]
</Users/christophercrawford/Google Drive/_Projects/Zambia/agroEcoTradeoff/exter
nal/plots/yield_maps.png, id=305, 3011.25pt x 1505.625pt>
File: /Users/christophercrawford/Google Drive/_Projects/Zambia/agroEcoTradeoff/
external/plots/yield_maps.png Graphic file (type png)
<use /Users/christophercrawford/Google Drive/_Projects/Zambia/agroEcoTradeoff/e
xternal/plots/yield_maps.png>
Package pdftex.def Info: /Users/christophercrawford/Google Drive/_Projects/Zamb
ia/agroEcoTradeoff/external/plots/yield_maps.png  used on input line 115.
(pdftex.def)             Requested size: 469.72556pt x 234.86276pt.

Underfull \hbox (badness 10000) in paragraph at lines 115--115
[][]
 []

[5pdfTeX warning (ext4): destination with the same identifier (name{figure.1}) 
has been already used, duplicate ignored

\AtBegShi@Output ...ipout \box \AtBeginShipoutBox 
                                                  \fi \fi 
l.126 
       </Users/christophercrawford/Google Drive/_Projects/Zambia/agroEcoTradeof
f/external/plots/yield_maps.png>] [6] [7] [8] [9]
</Users/christophercrawford/Google Drive/_Projects/Zambia/agroEcoTradeoff/exter
nal/plots/ms_v5/bd_input_maps_runs_1.png, id=396, 3613.5pt x 3914.625pt>
File: /Users/christophercrawford/Google Drive/_Projects/Zambia/agroEcoTradeoff/
external/plots/ms_v5/bd_input_maps_runs_1.png Graphic file (type png)
<use /Users/christophercrawford/Google Drive/_Projects/Zambia/agroEcoTradeoff/e
xternal/plots/ms_v5/bd_input_maps_runs_1.png>
Package pdftex.def Info: /Users/christophercrawford/Google Drive/_Projects/Zamb
ia/agroEcoTradeoff/external/plots/ms_v5/bd_input_maps_runs_1.png  used on input
 line 373.
(pdftex.def)             Requested size: 469.71635pt x 508.85939pt.

Underfull \hbox (badness 10000) in paragraph at lines 373--373
[][]
 []

</Users/christophercrawford/Google Drive/_Projects/Zambia/agroEcoTradeoff/exter
nal/plots/ms_v5/bd_input_maps_runs_10.png, id=397, 3613.5pt x 3914.625pt>
File: /Users/christophercrawford/Google Drive/_Projects/Zambia/agroEcoTradeoff/
external/plots/ms_v5/bd_input_maps_runs_10.png Graphic file (type png)
<use /Users/christophercrawford/Google Drive/_Projects/Zambia/agroEcoTradeoff/e
xternal/plots/ms_v5/bd_input_maps_runs_10.png>
Package pdftex.def Info: /Users/christophercrawford/Google Drive/_Projects/Zamb
ia/agroEcoTradeoff/external/plots/ms_v5/bd_input_maps_runs_10.png  used on inpu
t line 377.
(pdftex.def)             Requested size: 469.71635pt x 508.85939pt.

Underfull \hbox (badness 10000) in paragraph at lines 377--377
[][]
 []

</Users/christophercrawford/Google Drive/_Projects/Zambia/agroEcoTradeoff/exter
nal/plots/ms_v5/bd_input_maps_runs_110.png, id=398, 3613.5pt x 3914.625pt>
File: /Users/christophercrawford/Google Drive/_Projects/Zambia/agroEcoTradeoff/
external/plots/ms_v5/bd_input_maps_runs_110.png Graphic file (type png)
<use /Users/christophercrawford/Google Drive/_Projects/Zambia/agroEcoTradeoff/e
xternal/plots/ms_v5/bd_input_maps_runs_110.png>
Package pdftex.def Info: /Users/christophercrawford/Google Drive/_Projects/Zamb
ia/agroEcoTradeoff/external/plots/ms_v5/bd_input_maps_runs_110.png  used on inp
ut line 381.
(pdftex.def)             Requested size: 469.71635pt x 508.85939pt.

Underfull \hbox (badness 10000) in paragraph at lines 381--381
[][]
 []

</Users/christophercrawford/Google Drive/_Projects/Zambia/agroEcoTradeoff/exter
nal/plots/ms_v5/conv_maps/basic_conv_maps_bp_1.png, id=403, 3613.5pt x 3914.625
pt>
File: /Users/christophercrawford/Google Drive/_Projects/Zambia/agroEcoTradeoff/
external/plots/ms_v5/conv_maps/basic_conv_maps_bp_1.png Graphic file (type png)

<use /Users/christophercrawford/Google Drive/_Projects/Zambia/agroEcoTradeoff/e
xternal/plots/ms_v5/conv_maps/basic_conv_maps_bp_1.png>
Package pdftex.def Info: /Users/christophercrawford/Google Drive/_Projects/Zamb
ia/agroEcoTradeoff/external/plots/ms_v5/conv_maps/basic_conv_maps_bp_1.png  use
d on input line 394.
(pdftex.def)             Requested size: 469.71635pt x 508.85939pt.

Underfull \hbox (badness 10000) in paragraph at lines 394--394
[][]
 []

</Users/christophercrawford/Google Drive/_Projects/Zambia/agroEcoTradeoff/exter
nal/plots/ms_v5/conv_maps/basic_conv_maps_bp_10.png, id=404, 3613.5pt x 3914.62
5pt>
File: /Users/christophercrawford/Google Drive/_Projects/Zambia/agroEcoTradeoff/
external/plots/ms_v5/conv_maps/basic_conv_maps_bp_10.png Graphic file (type png
)
<use /Users/christophercrawford/Google Drive/_Projects/Zambia/agroEcoTradeoff/e
xternal/plots/ms_v5/conv_maps/basic_conv_maps_bp_10.png>
Package pdftex.def Info: /Users/christophercrawford/Google Drive/_Projects/Zamb
ia/agroEcoTradeoff/external/plots/ms_v5/conv_maps/basic_conv_maps_bp_10.png  us
ed on input line 398.
(pdftex.def)             Requested size: 469.71635pt x 508.85939pt.

Underfull \hbox (badness 10000) in paragraph at lines 398--398
[][]
 []

</Users/christophercrawford/Google Drive/_Projects/Zambia/agroEcoTradeoff/exter
nal/plots/ms_v5/conv_maps/basic_conv_maps_bp_110.png, id=405, 3613.5pt x 3914.6
25pt>
File: /Users/christophercrawford/Google Drive/_Projects/Zambia/agroEcoTradeoff/
external/plots/ms_v5/conv_maps/basic_conv_maps_bp_110.png Graphic file (type pn
g)
<use /Users/christophercrawford/Google Drive/_Projects/Zambia/agroEcoTradeoff/e
xternal/plots/ms_v5/conv_maps/basic_conv_maps_bp_110.png>
Package pdftex.def Info: /Users/christophercrawford/Google Drive/_Projects/Zamb
ia/agroEcoTradeoff/external/plots/ms_v5/conv_maps/basic_conv_maps_bp_110.png  u
sed on input line 402.
(pdftex.def)             Requested size: 469.71635pt x 508.85939pt.

Underfull \hbox (badness 10000) in paragraph at lines 402--402
[][]
 []

[10pdfTeX warning (ext4): destination with the same identifier (name{table.1}) 
has been already used, duplicate ignored

\AtBegShi@Output ...ipout \box \AtBeginShipoutBox 
                                                  \fi \fi 
l.405 \newpage
              ] [11pdfTeX warning (ext4): destination with the same identifier 
(name{figure.2}) has been already used, duplicate ignored

\AtBegShi@Output ...ipout \box \AtBeginShipoutBox 
                                                  \fi \fi 
l.405 \newpage
               </Users/christophercrawford/Google Drive/_Projects/Zambia/agroEc
oTradeoff/external/plots/ms_v5/bd_input_maps_runs_1.png>] [12pdfTeX warning (ex
t4): destination with the same identifier (name{figure.3}) has been already use
d, duplicate ignored

\AtBegShi@Output ...ipout \box \AtBeginShipoutBox 
                                                  \fi \fi 
l.405 \newpage
               </Users/christophercrawford/Google Drive/_Projects/Zambia/agroEc
oTradeoff/external/plots/ms_v5/bd_input_maps_runs_10.png>] [13pdfTeX warning (e
xt4): destination with the same identifier (name{figure.4}) has been already us
ed, duplicate ignored

\AtBegShi@Output ...ipout \box \AtBeginShipoutBox 
                                                  \fi \fi 
l.405 \newpage
               </Users/christophercrawford/Google Drive/_Projects/Zambia/agroEc
oTradeoff/external/plots/ms_v5/bd_input_maps_runs_110.png>] [14pdfTeX warning (
ext4): destination with the same identifier (name{figure.5}) has been already u
sed, duplicate ignored

\AtBegShi@Output ...ipout \box \AtBeginShipoutBox 
                                                  \fi \fi 
l.405 \newpage
               </Users/christophercrawford/Google Drive/_Projects/Zambia/agroEc
oTradeoff/external/plots/ms_v5/conv_maps/basic_conv_maps_bp_1.png>] [15pdfTeX w
arning (ext4): destination with the same identifier (name{figure.6}) has been a
lready used, duplicate ignored

\AtBegShi@Output ...ipout \box \AtBeginShipoutBox 
                                                  \fi \fi 
l.405 \newpage
               </Users/christophercrawford/Google Drive/_Projects/Zambia/agroEc
oTradeoff/external/plots/ms_v5/conv_maps/basic_conv_maps_bp_10.png>] [16pdfTeX 
warning (ext4): destination with the same identifier (name{figure.7}) has been 
already used, duplicate ignored

\AtBegShi@Output ...ipout \box \AtBeginShipoutBox 
                                                  \fi \fi 
l.405 \newpage
               </Users/christophercrawford/Google Drive/_Projects/Zambia/agroEc
oTradeoff/external/plots/ms_v5/conv_maps/basic_conv_maps_bp_110.png>]
<5_SI_files/figure-latex/pairwise-jaccard-1.pdf, id=447, 469.755pt x 325.215pt>

File: 5_SI_files/figure-latex/pairwise-jaccard-1.pdf Graphic file (type pdf)
<use 5_SI_files/figure-latex/pairwise-jaccard-1.pdf>
Package pdftex.def Info: 5_SI_files/figure-latex/pairwise-jaccard-1.pdf  used o
n input line 425.
(pdftex.def)             Requested size: 469.75386pt x 325.2142pt.

Underfull \hbox (badness 10000) in paragraph at lines 425--425
[][]
 []

[17] [18pdfTeX warning (ext4): destination with the same identifier (name{figur
e.8}) has been already used, duplicate ignored

\AtBegShi@Output ...ipout \box \AtBeginShipoutBox 
                                                  \fi \fi 
l.434 
       <./5_SI_files/figure-latex/pairwise-jaccard-1.pdf>]
</Users/christophercrawford/Google Drive/_Projects/Zambia/agroEcoTradeoff/exter
nal/plots/ms_v5/SI_fig_nnd_bp.png, id=467, 2409.0pt x 1606.0pt>
File: /Users/christophercrawford/Google Drive/_Projects/Zambia/agroEcoTradeoff/
external/plots/ms_v5/SI_fig_nnd_bp.png Graphic file (type png)
<use /Users/christophercrawford/Google Drive/_Projects/Zambia/agroEcoTradeoff/e
xternal/plots/ms_v5/SI_fig_nnd_bp.png>
Package pdftex.def Info: /Users/christophercrawford/Google Drive/_Projects/Zamb
ia/agroEcoTradeoff/external/plots/ms_v5/SI_fig_nnd_bp.png  used on input line 4
46.
(pdftex.def)             Requested size: 469.73474pt x 313.1565pt.

Underfull \hbox (badness 10000) in paragraph at lines 446--446
[][]
 []

[19] [20pdfTeX warning (ext4): destination with the same identifier (name{figur
e.9}) has been already used, duplicate ignored

\AtBegShi@Output ...ipout \box \AtBeginShipoutBox 
                                                  \fi \fi 
l.449 \newpage
               </Users/christophercrawford/Google Drive/_Projects/Zambia/agroEc
oTradeoff/external/plots/ms_v5/SI_fig_nnd_bp.png>]
</Users/christophercrawford/Google Drive/_Projects/Zambia/agroEcoTradeoff/exter
nal/plots/ms_v5/SI_fig_facet_r_threat_combo.png, id=482, 1505.625pt x 1806.75pt
>
File: /Users/christophercrawford/Google Drive/_Projects/Zambia/agroEcoTradeoff/
external/plots/ms_v5/SI_fig_facet_r_threat_combo.png Graphic file (type png)
<use /Users/christophercrawford/Google Drive/_Projects/Zambia/agroEcoTradeoff/e
xternal/plots/ms_v5/SI_fig_facet_r_threat_combo.png>
Package pdftex.def Info: /Users/christophercrawford/Google Drive/_Projects/Zamb
ia/agroEcoTradeoff/external/plots/ms_v5/SI_fig_facet_r_threat_combo.png  used o
n input line 466.
(pdftex.def)             Requested size: 328.82626pt x 394.5915pt.
[21] [22pdfTeX warning (ext4): destination with the same identifier (name{figur
e.10}) has been already used, duplicate ignored

\AtBegShi@Output ...ipout \box \AtBeginShipoutBox 
                                                  \fi \fi 
l.473 \newpage
               </Users/christophercrawford/Google Drive/_Projects/Zambia/agroEc
oTradeoff/external/plots/ms_v5/SI_fig_facet_r_threat_combo.png>]
</Users/christophercrawford/Google Drive/_Projects/Zambia/agroEcoTradeoff/exter
nal/plots/ms_v5/ms_fig_4_robustness.png, id=496, 2810.5pt x 1606.0pt>
File: /Users/christophercrawford/Google Drive/_Projects/Zambia/agroEcoTradeoff/
external/plots/ms_v5/ms_fig_4_robustness.png Graphic file (type png)
<use /Users/christophercrawford/Google Drive/_Projects/Zambia/agroEcoTradeoff/e
xternal/plots/ms_v5/ms_fig_4_robustness.png>
Package pdftex.def Info: /Users/christophercrawford/Google Drive/_Projects/Zamb
ia/agroEcoTradeoff/external/plots/ms_v5/ms_fig_4_robustness.png  used on input 
line 485.
(pdftex.def)             Requested size: 469.71635pt x 268.40935pt.

Underfull \hbox (badness 10000) in paragraph at lines 485--485
[][]
 []

</Users/christophercrawford/Google Drive/_Projects/Zambia/agroEcoTradeoff/exter
nal/plots/ms_v5/SI_fig_facet_r_z50_wide.png, id=497, 2409.0pt x 1505.625pt>
File: /Users/christophercrawford/Google Drive/_Projects/Zambia/agroEcoTradeoff/
external/plots/ms_v5/SI_fig_facet_r_z50_wide.png Graphic file (type png)
<use /Users/christophercrawford/Google Drive/_Projects/Zambia/agroEcoTradeoff/e
xternal/plots/ms_v5/SI_fig_facet_r_z50_wide.png>
Package pdftex.def Info: /Users/christophercrawford/Google Drive/_Projects/Zamb
ia/agroEcoTradeoff/external/plots/ms_v5/SI_fig_facet_r_z50_wide.png  used on in
put line 491.
(pdftex.def)             Requested size: 469.73474pt x 293.58421pt.

Underfull \hbox (badness 10000) in paragraph at lines 491--491
[][]
 []

[23pdfTeX warning (ext4): destination with the same identifier (name{figure.11}
) has been already used, duplicate ignored

\AtBegShi@Output ...ipout \box \AtBeginShipoutBox 
                                                  \fi \fi 
l.494 \newpage
               </Users/christophercrawford/Google Drive/_Projects/Zambia/agroEc
oTradeoff/external/plots/ms_v5/ms_fig_4_robustness.png>] [24pdfTeX warning (ext
4): destination with the same identifier (name{figure.12}) has been already use
d, duplicate ignored

\AtBegShi@Output ...ipout \box \AtBeginShipoutBox 
                                                  \fi \fi 
l.494 \newpage
               </Users/christophercrawford/Google Drive/_Projects/Zambia/agroEc
oTradeoff/external/plots/ms_v5/SI_fig_facet_r_z50_wide.png>]
</Users/christophercrawford/Google Drive/_Projects/Zambia/agroEcoTradeoff/exter
nal/plots/ms_v5/SI_norm_order_plots.png, id=511, 1204.5pt x 1505.625pt>
File: /Users/christophercrawford/Google Drive/_Projects/Zambia/agroEcoTradeoff/
external/plots/ms_v5/SI_norm_order_plots.png Graphic file (type png)
<use /Users/christophercrawford/Google Drive/_Projects/Zambia/agroEcoTradeoff/e
xternal/plots/ms_v5/SI_norm_order_plots.png>
Package pdftex.def Info: /Users/christophercrawford/Google Drive/_Projects/Zamb
ia/agroEcoTradeoff/external/plots/ms_v5/SI_norm_order_plots.png  used on input 
line 511.
(pdftex.def)             Requested size: 328.82167pt x 411.02708pt.
[25] [26pdfTeX warning (ext4): destination with the same identifier (name{figur
e.13}) has been already used, duplicate ignored

\AtBegShi@Output ...ipout \box \AtBeginShipoutBox 
                                                  \fi \fi 
l.518 \newpage
               </Users/christophercrawford/Google Drive/_Projects/Zambia/agroEc
oTradeoff/external/plots/ms_v5/SI_norm_order_plots.png>]
</Users/christophercrawford/Google Drive/_Projects/Zambia/agroEcoTradeoff/exter
nal/plots/ms_v5/SI_fig_jac_w_order_conv.png, id=525, 2409.0pt x 1606.0pt>
File: /Users/christophercrawford/Google Drive/_Projects/Zambia/agroEcoTradeoff/
external/plots/ms_v5/SI_fig_jac_w_order_conv.png Graphic file (type png)
<use /Users/christophercrawford/Google Drive/_Projects/Zambia/agroEcoTradeoff/e
xternal/plots/ms_v5/SI_fig_jac_w_order_conv.png>
Package pdftex.def Info: /Users/christophercrawford/Google Drive/_Projects/Zamb
ia/agroEcoTradeoff/external/plots/ms_v5/SI_fig_jac_w_order_conv.png  used on in
put line 530.
(pdftex.def)             Requested size: 469.73474pt x 313.1565pt.

Underfull \hbox (badness 10000) in paragraph at lines 530--530
[][]
 []

</Users/christophercrawford/Google Drive/_Projects/Zambia/agroEcoTradeoff/exter
nal/plots/ms_v5/SI_fig_jac_w_order_protect.png, id=526, 2409.0pt x 1606.0pt>
File: /Users/christophercrawford/Google Drive/_Projects/Zambia/agroEcoTradeoff/
external/plots/ms_v5/SI_fig_jac_w_order_protect.png Graphic file (type png)
<use /Users/christophercrawford/Google Drive/_Projects/Zambia/agroEcoTradeoff/e
xternal/plots/ms_v5/SI_fig_jac_w_order_protect.png>
Package pdftex.def Info: /Users/christophercrawford/Google Drive/_Projects/Zamb
ia/agroEcoTradeoff/external/plots/ms_v5/SI_fig_jac_w_order_protect.png  used on
 input line 534.
(pdftex.def)             Requested size: 469.73474pt x 313.1565pt.

Underfull \hbox (badness 10000) in paragraph at lines 534--534
[][]
 []

[27pdfTeX warning (ext4): destination with the same identifier (name{figure.14}
) has been already used, duplicate ignored

\AtBegShi@Output ...ipout \box \AtBeginShipoutBox 
                                                  \fi \fi 
l.537 \newpage
               </Users/christophercrawford/Google Drive/_Projects/Zambia/agroEc
oTradeoff/external/plots/ms_v5/SI_fig_jac_w_order_conv.png>] [28pdfTeX warning 
(ext4): destination with the same identifier (name{figure.15}) has been already
 used, duplicate ignored

\AtBegShi@Output ...ipout \box \AtBeginShipoutBox 
                                                  \fi \fi 
l.537 \newpage
               </Users/christophercrawford/Google Drive/_Projects/Zambia/agroEc
oTradeoff/external/plots/ms_v5/SI_fig_jac_w_order_protect.png>]
</Users/christophercrawford/Google Drive/_Projects/Zambia/agroEcoTradeoff/exter
nal/plots/ms_v5/SI_fig_facet_r_extra_composites.png, id=539, 2409.0pt x 2107.87
5pt>
File: /Users/christophercrawford/Google Drive/_Projects/Zambia/agroEcoTradeoff/
external/plots/ms_v5/SI_fig_facet_r_extra_composites.png Graphic file (type png
)
<use /Users/christophercrawford/Google Drive/_Projects/Zambia/agroEcoTradeoff/e
xternal/plots/ms_v5/SI_fig_facet_r_extra_composites.png>
Package pdftex.def Info: /Users/christophercrawford/Google Drive/_Projects/Zamb
ia/agroEcoTradeoff/external/plots/ms_v5/SI_fig_facet_r_extra_composites.png  us
ed on input line 575.
(pdftex.def)             Requested size: 469.73474pt x 411.0179pt.

Underfull \hbox (badness 10000) in paragraph at lines 575--575
[][]
 []

[29] [30pdfTeX warning (ext4): destination with the same identifier (name{figur
e.16}) has been already used, duplicate ignored

\AtBegShi@Output ...ipout \box \AtBeginShipoutBox 
                                                  \fi \fi 
l.578 \newpage
               </Users/christophercrawford/Google Drive/_Projects/Zambia/agroEc
oTradeoff/external/plots/ms_v5/SI_fig_facet_r_extra_composites.png>]
<5_SI_files/figure-latex/jac-w-weights-line-1.pdf, id=556, 469.755pt x 325.215p
t>
File: 5_SI_files/figure-latex/jac-w-weights-line-1.pdf Graphic file (type pdf)
<use 5_SI_files/figure-latex/jac-w-weights-line-1.pdf>
Package pdftex.def Info: 5_SI_files/figure-latex/jac-w-weights-line-1.pdf  used
 on input line 616.
(pdftex.def)             Requested size: 469.75386pt x 325.2142pt.

Underfull \hbox (badness 10000) in paragraph at lines 616--616
[][]
 []

[31pdfTeX warning (ext4): destination with the same identifier (name{figure.17}
) has been already used, duplicate ignored

\AtBegShi@Output ...ipout \box \AtBeginShipoutBox 
                                                  \fi \fi 
l.620 
       <./5_SI_files/figure-latex/jac-w-weights-line-1.pdf>]
</Users/christophercrawford/Google Drive/_Projects/Zambia/agroEcoTradeoff/exter
nal/plots/ms_v5/SI_fig_jac_w_all.png, id=576, 2810.5pt x 1606.0pt>
File: /Users/christophercrawford/Google Drive/_Projects/Zambia/agroEcoTradeoff/
external/plots/ms_v5/SI_fig_jac_w_all.png Graphic file (type png)
<use /Users/christophercrawford/Google Drive/_Projects/Zambia/agroEcoTradeoff/e
xternal/plots/ms_v5/SI_fig_jac_w_all.png>
Package pdftex.def Info: /Users/christophercrawford/Google Drive/_Projects/Zamb
ia/agroEcoTradeoff/external/plots/ms_v5/SI_fig_jac_w_all.png  used on input lin
e 626.
(pdftex.def)             Requested size: 469.71635pt x 268.40935pt.

Underfull \hbox (badness 10000) in paragraph at lines 626--626
[][]
 []

</Users/christophercrawford/Google Drive/_Projects/Zambia/agroEcoTradeoff/exter
nal/plots/ms_v5/SI_fig_jac_w_b.png, id=577, 2409.0pt x 1606.0pt>
File: /Users/christophercrawford/Google Drive/_Projects/Zambia/agroEcoTradeoff/
external/plots/ms_v5/SI_fig_jac_w_b.png Graphic file (type png)
<use /Users/christophercrawford/Google Drive/_Projects/Zambia/agroEcoTradeoff/e
xternal/plots/ms_v5/SI_fig_jac_w_b.png>
Package pdftex.def Info: /Users/christophercrawford/Google Drive/_Projects/Zamb
ia/agroEcoTradeoff/external/plots/ms_v5/SI_fig_jac_w_b.png  used on input line 
630.
(pdftex.def)             Requested size: 375.78044pt x 250.5203pt.
</Users/christophercrawford/Google Drive/_Projects/Zambia/agroEcoTradeoff/exter
nal/plots/ms_v5/SI_fig_jac_w_by.png, id=578, 2409.0pt x 1606.0pt>
File: /Users/christophercrawford/Google Drive/_Projects/Zambia/agroEcoTradeoff/
external/plots/ms_v5/SI_fig_jac_w_by.png Graphic file (type png)
<use /Users/christophercrawford/Google Drive/_Projects/Zambia/agroEcoTradeoff/e
xternal/plots/ms_v5/SI_fig_jac_w_by.png>
Package pdftex.def Info: /Users/christophercrawford/Google Drive/_Projects/Zamb
ia/agroEcoTradeoff/external/plots/ms_v5/SI_fig_jac_w_by.png  used on input line
 634.
(pdftex.def)             Requested size: 375.78044pt x 250.5203pt.
</Users/christophercrawford/Google Drive/_Projects/Zambia/agroEcoTradeoff/exter
nal/plots/ms_v5/SI_fig_jac_w_bc.png, id=579, 2409.0pt x 1606.0pt>
File: /Users/christophercrawford/Google Drive/_Projects/Zambia/agroEcoTradeoff/
external/plots/ms_v5/SI_fig_jac_w_bc.png Graphic file (type png)
<use /Users/christophercrawford/Google Drive/_Projects/Zambia/agroEcoTradeoff/e
xternal/plots/ms_v5/SI_fig_jac_w_bc.png>
Package pdftex.def Info: /Users/christophercrawford/Google Drive/_Projects/Zamb
ia/agroEcoTradeoff/external/plots/ms_v5/SI_fig_jac_w_bc.png  used on input line
 638.
(pdftex.def)             Requested size: 375.78044pt x 250.5203pt.
</Users/christophercrawford/Google Drive/_Projects/Zambia/agroEcoTradeoff/exter
nal/plots/ms_v5/SI_fig_jac_w_bt.png, id=580, 2409.0pt x 1606.0pt>
File: /Users/christophercrawford/Google Drive/_Projects/Zambia/agroEcoTradeoff/
external/plots/ms_v5/SI_fig_jac_w_bt.png Graphic file (type png)
<use /Users/christophercrawford/Google Drive/_Projects/Zambia/agroEcoTradeoff/e
xternal/plots/ms_v5/SI_fig_jac_w_bt.png>
Package pdftex.def Info: /Users/christophercrawford/Google Drive/_Projects/Zamb
ia/agroEcoTradeoff/external/plots/ms_v5/SI_fig_jac_w_bt.png  used on input line
 642.
(pdftex.def)             Requested size: 375.78044pt x 250.5203pt.
</Users/christophercrawford/Google Drive/_Projects/Zambia/agroEcoTradeoff/exter
nal/plots/ms_v5/SI_fig_jac_w_byct.png, id=581, 2409.0pt x 1606.0pt>
File: /Users/christophercrawford/Google Drive/_Projects/Zambia/agroEcoTradeoff/
external/plots/ms_v5/SI_fig_jac_w_byct.png Graphic file (type png)
<use /Users/christophercrawford/Google Drive/_Projects/Zambia/agroEcoTradeoff/e
xternal/plots/ms_v5/SI_fig_jac_w_byct.png>
Package pdftex.def Info: /Users/christophercrawford/Google Drive/_Projects/Zamb
ia/agroEcoTradeoff/external/plots/ms_v5/SI_fig_jac_w_byct.png  used on input li
ne 646.
(pdftex.def)             Requested size: 375.78044pt x 250.5203pt.
[32] [33pdfTeX warning (ext4): destination with the same identifier (name{figur
e.18}) has been already used, duplicate ignored

\AtBegShi@Output ...ipout \box \AtBeginShipoutBox 
                                                  \fi \fi 
l.651 \newpage
               </Users/christophercrawford/Google Drive/_Projects/Zambia/agroEc
oTradeoff/external/plots/ms_v5/SI_fig_jac_w_all.png>] [34pdfTeX warning (ext4):
 destination with the same identifier (name{figure.19}) has been already used, 
duplicate ignored

\AtBegShi@Output ...ipout \box \AtBeginShipoutBox 
                                                  \fi \fi 
l.651 \newpage
              pdfTeX warning (ext4): destination with the same identifier (name
{figure.20}) has been already used, duplicate ignored

\AtBegShi@Output ...ipout \box \AtBeginShipoutBox 
                                                  \fi \fi 
l.651 \newpage
               </Users/christophercrawford/Google Drive/_Projects/Zambia/agroEc
oTradeoff/external/plots/ms_v5/SI_fig_jac_w_b.png> </Users/christophercrawford/
Google Drive/_Projects/Zambia/agroEcoTradeoff/external/plots/ms_v5/SI_fig_jac_w
_by.png>] [35pdfTeX warning (ext4): destination with the same identifier (name{
figure.21}) has been already used, duplicate ignored

\AtBegShi@Output ...ipout \box \AtBeginShipoutBox 
                                                  \fi \fi 
l.651 \newpage
              pdfTeX warning (ext4): destination with the same identifier (name
{figure.22}) has been already used, duplicate ignored

\AtBegShi@Output ...ipout \box \AtBeginShipoutBox 
                                                  \fi \fi 
l.651 \newpage
               </Users/christophercrawford/Google Drive/_Projects/Zambia/agroEc
oTradeoff/external/plots/ms_v5/SI_fig_jac_w_bc.png> </Users/christophercrawford
/Google Drive/_Projects/Zambia/agroEcoTradeoff/external/plots/ms_v5/SI_fig_jac_
w_bt.png>]
</Users/christophercrawford/Google Drive/_Projects/Zambia/agroEcoTradeoff/exter
nal/plots/ms_v5/conv_maps/basic_conv_maps_b_1.png, id=604, 3613.5pt x 3914.625p
t>
File: /Users/christophercrawford/Google Drive/_Projects/Zambia/agroEcoTradeoff/
external/plots/ms_v5/conv_maps/basic_conv_maps_b_1.png Graphic file (type png)
<use /Users/christophercrawford/Google Drive/_Projects/Zambia/agroEcoTradeoff/e
xternal/plots/ms_v5/conv_maps/basic_conv_maps_b_1.png>
Package pdftex.def Info: /Users/christophercrawford/Google Drive/_Projects/Zamb
ia/agroEcoTradeoff/external/plots/ms_v5/conv_maps/basic_conv_maps_b_1.png  used
 on input line 674.
(pdftex.def)             Requested size: 469.71635pt x 508.85939pt.

Underfull \hbox (badness 10000) in paragraph at lines 674--674
[][]
 []

</Users/christophercrawford/Google Drive/_Projects/Zambia/agroEcoTradeoff/exter
nal/plots/ms_v5/conv_maps/basic_conv_maps_by_1.png, id=607, 3613.5pt x 3914.625
pt>
File: /Users/christophercrawford/Google Drive/_Projects/Zambia/agroEcoTradeoff/
external/plots/ms_v5/conv_maps/basic_conv_maps_by_1.png Graphic file (type png)

<use /Users/christophercrawford/Google Drive/_Projects/Zambia/agroEcoTradeoff/e
xternal/plots/ms_v5/conv_maps/basic_conv_maps_by_1.png>
Package pdftex.def Info: /Users/christophercrawford/Google Drive/_Projects/Zamb
ia/agroEcoTradeoff/external/plots/ms_v5/conv_maps/basic_conv_maps_by_1.png  use
d on input line 678.
(pdftex.def)             Requested size: 469.71635pt x 508.85939pt.

Underfull \hbox (badness 10000) in paragraph at lines 678--678
[][]
 []

</Users/christophercrawford/Google Drive/_Projects/Zambia/agroEcoTradeoff/exter
nal/plots/ms_v5/conv_maps/basic_conv_maps_bc_1.png, id=610, 3613.5pt x 3914.625
pt>
File: /Users/christophercrawford/Google Drive/_Projects/Zambia/agroEcoTradeoff/
external/plots/ms_v5/conv_maps/basic_conv_maps_bc_1.png Graphic file (type png)

<use /Users/christophercrawford/Google Drive/_Projects/Zambia/agroEcoTradeoff/e
xternal/plots/ms_v5/conv_maps/basic_conv_maps_bc_1.png>
Package pdftex.def Info: /Users/christophercrawford/Google Drive/_Projects/Zamb
ia/agroEcoTradeoff/external/plots/ms_v5/conv_maps/basic_conv_maps_bc_1.png  use
d on input line 682.
(pdftex.def)             Requested size: 469.71635pt x 508.85939pt.

Underfull \hbox (badness 10000) in paragraph at lines 682--682
[][]
 []

</Users/christophercrawford/Google Drive/_Projects/Zambia/agroEcoTradeoff/exter
nal/plots/ms_v5/conv_maps/basic_conv_maps_bt_1.png, id=613, 3613.5pt x 3914.625
pt>
File: /Users/christophercrawford/Google Drive/_Projects/Zambia/agroEcoTradeoff/
external/plots/ms_v5/conv_maps/basic_conv_maps_bt_1.png Graphic file (type png)

<use /Users/christophercrawford/Google Drive/_Projects/Zambia/agroEcoTradeoff/e
xternal/plots/ms_v5/conv_maps/basic_conv_maps_bt_1.png>
Package pdftex.def Info: /Users/christophercrawford/Google Drive/_Projects/Zamb
ia/agroEcoTradeoff/external/plots/ms_v5/conv_maps/basic_conv_maps_bt_1.png  use
d on input line 686.
(pdftex.def)             Requested size: 469.71635pt x 508.85939pt.

Underfull \hbox (badness 10000) in paragraph at lines 686--686
[][]
 []

</Users/christophercrawford/Google Drive/_Projects/Zambia/agroEcoTradeoff/exter
nal/plots/ms_v5/conv_maps/basic_conv_maps_byct_1.png, id=616, 3613.5pt x 3914.6
25pt>
File: /Users/christophercrawford/Google Drive/_Projects/Zambia/agroEcoTradeoff/
external/plots/ms_v5/conv_maps/basic_conv_maps_byct_1.png Graphic file (type pn
g)
<use /Users/christophercrawford/Google Drive/_Projects/Zambia/agroEcoTradeoff/e
xternal/plots/ms_v5/conv_maps/basic_conv_maps_byct_1.png>
Package pdftex.def Info: /Users/christophercrawford/Google Drive/_Projects/Zamb
ia/agroEcoTradeoff/external/plots/ms_v5/conv_maps/basic_conv_maps_byct_1.png  u
sed on input line 690.
(pdftex.def)             Requested size: 469.71635pt x 508.85939pt.

Underfull \hbox (badness 10000) in paragraph at lines 690--690
[][]
 []

</Users/christophercrawford/Google Drive/_Projects/Zambia/agroEcoTradeoff/exter
nal/plots/ms_v5/conv_maps/basic_conv_maps_z50_1.png, id=619, 3613.5pt x 3914.62
5pt>
File: /Users/christophercrawford/Google Drive/_Projects/Zambia/agroEcoTradeoff/
external/plots/ms_v5/conv_maps/basic_conv_maps_z50_1.png Graphic file (type png
)
<use /Users/christophercrawford/Google Drive/_Projects/Zambia/agroEcoTradeoff/e
xternal/plots/ms_v5/conv_maps/basic_conv_maps_z50_1.png>
Package pdftex.def Info: /Users/christophercrawford/Google Drive/_Projects/Zamb
ia/agroEcoTradeoff/external/plots/ms_v5/conv_maps/basic_conv_maps_z50_1.png  us
ed on input line 694.
(pdftex.def)             Requested size: 469.71635pt x 508.85939pt.

Underfull \hbox (badness 10000) in paragraph at lines 694--694
[][]
 []

[36pdfTeX warning (ext4): destination with the same identifier (name{figure.23}
) has been already used, duplicate ignored

\AtBegShi@Output ...ipout \box \AtBeginShipoutBox 
                                                  \fi \fi 
l.697 \newpage
               </Users/christophercrawford/Google Drive/_Projects/Zambia/agroEc
oTradeoff/external/plots/ms_v5/SI_fig_jac_w_byct.png>] [37pdfTeX warning (ext4)
: destination with the same identifier (name{figure.24}) has been already used,
 duplicate ignored

\AtBegShi@Output ...ipout \box \AtBeginShipoutBox 
                                                  \fi \fi 
l.697 \newpage
               </Users/christophercrawford/Google Drive/_Projects/Zambia/agroEc
oTradeoff/external/plots/ms_v5/conv_maps/basic_conv_maps_b_1.png>] [38pdfTeX wa
rning (ext4): destination with the same identifier (name{figure.25}) has been a
lready used, duplicate ignored

\AtBegShi@Output ...ipout \box \AtBeginShipoutBox 
                                                  \fi \fi 
l.697 \newpage
               </Users/christophercrawford/Google Drive/_Projects/Zambia/agroEc
oTradeoff/external/plots/ms_v5/conv_maps/basic_conv_maps_by_1.png>] [39pdfTeX w
arning (ext4): destination with the same identifier (name{figure.26}) has been 
already used, duplicate ignored

\AtBegShi@Output ...ipout \box \AtBeginShipoutBox 
                                                  \fi \fi 
l.697 \newpage
               </Users/christophercrawford/Google Drive/_Projects/Zambia/agroEc
oTradeoff/external/plots/ms_v5/conv_maps/basic_conv_maps_bc_1.png>] [40pdfTeX w
arning (ext4): destination with the same identifier (name{figure.27}) has been 
already used, duplicate ignored

\AtBegShi@Output ...ipout \box \AtBeginShipoutBox 
                                                  \fi \fi 
l.697 \newpage
               </Users/christophercrawford/Google Drive/_Projects/Zambia/agroEc
oTradeoff/external/plots/ms_v5/conv_maps/basic_conv_maps_bt_1.png>] [41pdfTeX w
arning (ext4): destination with the same identifier (name{figure.28}) has been 
already used, duplicate ignored

\AtBegShi@Output ...ipout \box \AtBeginShipoutBox 
                                                  \fi \fi 
l.697 \newpage
               </Users/christophercrawford/Google Drive/_Projects/Zambia/agroEc
oTradeoff/external/plots/ms_v5/conv_maps/basic_conv_maps_byct_1.png>] [42pdfTeX
 warning (ext4): destination with the same identifier (name{figure.29}) has bee
n already used, duplicate ignored

\AtBegShi@Output ...ipout \box \AtBeginShipoutBox 
                                                  \fi \fi 
l.697 \newpage
               </Users/christophercrawford/Google Drive/_Projects/Zambia/agroEc
oTradeoff/external/plots/ms_v5/conv_maps/basic_conv_maps_z50_1.png>]
</Users/christophercrawford/Google Drive/_Projects/Zambia/agroEcoTradeoff/exter
nal/plots/ms_v5/conv_maps_by_ensemble/composites_1_conv_maps.png, id=660, 3011.
25pt x 2710.125pt>
File: /Users/christophercrawford/Google Drive/_Projects/Zambia/agroEcoTradeoff/
external/plots/ms_v5/conv_maps_by_ensemble/composites_1_conv_maps.png Graphic f
ile (type png)
<use /Users/christophercrawford/Google Drive/_Projects/Zambia/agroEcoTradeoff/e
xternal/plots/ms_v5/conv_maps_by_ensemble/composites_1_conv_maps.png>
Package pdftex.def Info: /Users/christophercrawford/Google Drive/_Projects/Zamb
ia/agroEcoTradeoff/external/plots/ms_v5/conv_maps_by_ensemble/composites_1_conv
_maps.png  used on input line 721.
(pdftex.def)             Requested size: 469.72556pt x 422.75299pt.

Underfull \hbox (badness 10000) in paragraph at lines 721--721
[][]
 []

</Users/christophercrawford/Google Drive/_Projects/Zambia/agroEcoTradeoff/exter
nal/plots/ms_v5/conv_maps_by_ensemble/types_1_conv_maps.png, id=661, 2107.875pt
 x 3011.25pt>
File: /Users/christophercrawford/Google Drive/_Projects/Zambia/agroEcoTradeoff/
external/plots/ms_v5/conv_maps_by_ensemble/types_1_conv_maps.png Graphic file (
type png)
<use /Users/christophercrawford/Google Drive/_Projects/Zambia/agroEcoTradeoff/e
xternal/plots/ms_v5/conv_maps_by_ensemble/types_1_conv_maps.png>
Package pdftex.def Info: /Users/christophercrawford/Google Drive/_Projects/Zamb
ia/agroEcoTradeoff/external/plots/ms_v5/conv_maps_by_ensemble/types_1_conv_maps
.png  used on input line 725.
(pdftex.def)             Requested size: 409.76352pt x 585.37645pt.

LaTeX Warning: Float too large for page by 6.89087pt on input line 726.

</Users/christophercrawford/Google Drive/_Projects/Zambia/agroEcoTradeoff/exter
nal/plots/ms_v5/conv_maps_by_ensemble/taxa_all_1_conv_maps.png, id=664, 2107.87
5pt x 3011.25pt>
File: /Users/christophercrawford/Google Drive/_Projects/Zambia/agroEcoTradeoff/
external/plots/ms_v5/conv_maps_by_ensemble/taxa_all_1_conv_maps.png Graphic fil
e (type png)
<use /Users/christophercrawford/Google Drive/_Projects/Zambia/agroEcoTradeoff/e
xternal/plots/ms_v5/conv_maps_by_ensemble/taxa_all_1_conv_maps.png>
Package pdftex.def Info: /Users/christophercrawford/Google Drive/_Projects/Zamb
ia/agroEcoTradeoff/external/plots/ms_v5/conv_maps_by_ensemble/taxa_all_1_conv_m
aps.png  used on input line 729.
(pdftex.def)             Requested size: 409.76352pt x 585.37645pt.
</Users/christophercrawford/Google Drive/_Projects/Zambia/agroEcoTradeoff/exter
nal/plots/ms_v5/conv_maps_by_ensemble/taxa_endemism_1_conv_maps.png, id=665, 21
07.875pt x 3011.25pt>
File: /Users/christophercrawford/Google Drive/_Projects/Zambia/agroEcoTradeoff/
external/plots/ms_v5/conv_maps_by_ensemble/taxa_endemism_1_conv_maps.png Graphi
c file (type png)
<use /Users/christophercrawford/Google Drive/_Projects/Zambia/agroEcoTradeoff/e
xternal/plots/ms_v5/conv_maps_by_ensemble/taxa_endemism_1_conv_maps.png>
Package pdftex.def Info: /Users/christophercrawford/Google Drive/_Projects/Zamb
ia/agroEcoTradeoff/external/plots/ms_v5/conv_maps_by_ensemble/taxa_endemism_1_c
onv_maps.png  used on input line 733.
(pdftex.def)             Requested size: 409.76352pt x 585.37645pt.
</Users/christophercrawford/Google Drive/_Projects/Zambia/agroEcoTradeoff/exter
nal/plots/ms_v5/conv_maps_by_ensemble/taxa_small_1_conv_maps.png, id=666, 2107.
875pt x 3011.25pt>
File: /Users/christophercrawford/Google Drive/_Projects/Zambia/agroEcoTradeoff/
external/plots/ms_v5/conv_maps_by_ensemble/taxa_small_1_conv_maps.png Graphic f
ile (type png)
<use /Users/christophercrawford/Google Drive/_Projects/Zambia/agroEcoTradeoff/e
xternal/plots/ms_v5/conv_maps_by_ensemble/taxa_small_1_conv_maps.png>
Package pdftex.def Info: /Users/christophercrawford/Google Drive/_Projects/Zamb
ia/agroEcoTradeoff/external/plots/ms_v5/conv_maps_by_ensemble/taxa_small_1_conv
_maps.png  used on input line 737.
(pdftex.def)             Requested size: 409.76352pt x 585.37645pt.
</Users/christophercrawford/Google Drive/_Projects/Zambia/agroEcoTradeoff/exter
nal/plots/ms_v5/conv_maps_by_ensemble/methods_mb_1_conv_maps.png, id=667, 2107.
875pt x 3011.25pt>
File: /Users/christophercrawford/Google Drive/_Projects/Zambia/agroEcoTradeoff/
external/plots/ms_v5/conv_maps_by_ensemble/methods_mb_1_conv_maps.png Graphic f
ile (type png)
<use /Users/christophercrawford/Google Drive/_Projects/Zambia/agroEcoTradeoff/e
xternal/plots/ms_v5/conv_maps_by_ensemble/methods_mb_1_conv_maps.png>
Package pdftex.def Info: /Users/christophercrawford/Google Drive/_Projects/Zamb
ia/agroEcoTradeoff/external/plots/ms_v5/conv_maps_by_ensemble/methods_mb_1_conv
_maps.png  used on input line 741.
(pdftex.def)             Requested size: 409.76352pt x 585.37645pt.
</Users/christophercrawford/Google Drive/_Projects/Zambia/agroEcoTradeoff/exter
nal/plots/ms_v5/conv_maps_by_ensemble/methods_vp_1_conv_maps.png, id=668, 2107.
875pt x 3011.25pt>
File: /Users/christophercrawford/Google Drive/_Projects/Zambia/agroEcoTradeoff/
external/plots/ms_v5/conv_maps_by_ensemble/methods_vp_1_conv_maps.png Graphic f
ile (type png)
<use /Users/christophercrawford/Google Drive/_Projects/Zambia/agroEcoTradeoff/e
xternal/plots/ms_v5/conv_maps_by_ensemble/methods_vp_1_conv_maps.png>
Package pdftex.def Info: /Users/christophercrawford/Google Drive/_Projects/Zamb
ia/agroEcoTradeoff/external/plots/ms_v5/conv_maps_by_ensemble/methods_vp_1_conv
_maps.png  used on input line 745.
(pdftex.def)             Requested size: 409.76352pt x 585.37645pt.
</Users/christophercrawford/Google Drive/_Projects/Zambia/agroEcoTradeoff/exter
nal/plots/ms_v5/conv_maps_by_ensemble/methods_ae_1_conv_maps.png, id=669, 2107.
875pt x 3011.25pt>
File: /Users/christophercrawford/Google Drive/_Projects/Zambia/agroEcoTradeoff/
external/plots/ms_v5/conv_maps_by_ensemble/methods_ae_1_conv_maps.png Graphic f
ile (type png)
<use /Users/christophercrawford/Google Drive/_Projects/Zambia/agroEcoTradeoff/e
xternal/plots/ms_v5/conv_maps_by_ensemble/methods_ae_1_conv_maps.png>
Package pdftex.def Info: /Users/christophercrawford/Google Drive/_Projects/Zamb
ia/agroEcoTradeoff/external/plots/ms_v5/conv_maps_by_ensemble/methods_ae_1_conv
_maps.png  used on input line 749.
(pdftex.def)             Requested size: 409.76352pt x 585.37645pt.
[43pdfTeX warning (ext4): destination with the same identifier (name{figure.30}
) has been already used, duplicate ignored

\AtBegShi@Output ...ipout \box \AtBeginShipoutBox 
                                                  \fi \fi 
l.752 \newpage
               </Users/christophercrawford/Google Drive/_Projects/Zambia/agroEc
oTradeoff/external/plots/ms_v5/conv_maps_by_ensemble/composites_1_conv_maps.png
>] [44pdfTeX warning (ext4): destination with the same identifier (name{figure.
31}) has been already used, duplicate ignored

\AtBegShi@Output ...ipout \box \AtBeginShipoutBox 
                                                  \fi \fi 
l.752 \newpage
               </Users/christophercrawford/Google Drive/_Projects/Zambia/agroEc
oTradeoff/external/plots/ms_v5/conv_maps_by_ensemble/types_1_conv_maps.png>] [4
5pdfTeX warning (ext4): destination with the same identifier (name{figure.32}) 
has been already used, duplicate ignored

\AtBegShi@Output ...ipout \box \AtBeginShipoutBox 
                                                  \fi \fi 
l.752 \newpage
               </Users/christophercrawford/Google Drive/_Projects/Zambia/agroEc
oTradeoff/external/plots/ms_v5/conv_maps_by_ensemble/taxa_all_1_conv_maps.png>]
[46pdfTeX warning (ext4): destination with the same identifier (name{figure.33}
) has been already used, duplicate ignored

\AtBegShi@Output ...ipout \box \AtBeginShipoutBox 
                                                  \fi \fi 
l.752 \newpage
               </Users/christophercrawford/Google Drive/_Projects/Zambia/agroEc
oTradeoff/external/plots/ms_v5/conv_maps_by_ensemble/taxa_endemism_1_conv_maps.
png>] [47pdfTeX warning (ext4): destination with the same identifier (name{figu
re.34}) has been already used, duplicate ignored

\AtBegShi@Output ...ipout \box \AtBeginShipoutBox 
                                                  \fi \fi 
l.752 \newpage
               </Users/christophercrawford/Google Drive/_Projects/Zambia/agroEc
oTradeoff/external/plots/ms_v5/conv_maps_by_ensemble/taxa_small_1_conv_maps.png
>] [48pdfTeX warning (ext4): destination with the same identifier (name{figure.
35}) has been already used, duplicate ignored

\AtBegShi@Output ...ipout \box \AtBeginShipoutBox 
                                                  \fi \fi 
l.752 \newpage
               </Users/christophercrawford/Google Drive/_Projects/Zambia/agroEc
oTradeoff/external/plots/ms_v5/conv_maps_by_ensemble/methods_mb_1_conv_maps.png
>] [49pdfTeX warning (ext4): destination with the same identifier (name{figure.
36}) has been already used, duplicate ignored

\AtBegShi@Output ...ipout \box \AtBeginShipoutBox 
                                                  \fi \fi 
l.752 \newpage
               </Users/christophercrawford/Google Drive/_Projects/Zambia/agroEc
oTradeoff/external/plots/ms_v5/conv_maps_by_ensemble/methods_vp_1_conv_maps.png
>] [50pdfTeX warning (ext4): destination with the same identifier (name{figure.
37}) has been already used, duplicate ignored

\AtBegShi@Output ...ipout \box \AtBeginShipoutBox 
                                                  \fi \fi 
l.752 \newpage
               </Users/christophercrawford/Google Drive/_Projects/Zambia/agroEc
oTradeoff/external/plots/ms_v5/conv_maps_by_ensemble/methods_ae_1_conv_maps.png
>] [51] [52]
Package atveryend Info: Empty hook `BeforeClearDocument' on input line 888.
[53]
Package atveryend Info: Empty hook `AfterLastShipout' on input line 888.
(./5_SI.aux)
Package atveryend Info: Executing hook `AtVeryEndDocument' on input line 888.
Package atveryend Info: Executing hook `AtEndAfterFileList' on input line 888.
Package rerunfilecheck Info: File `5_SI.out' has not changed.
(rerunfilecheck)             Checksum: C5F05479FD33F3BC8AA2516C73F47095;4739.
Package atveryend Info: Empty hook `AtVeryVeryEnd' on input line 888.
 ) 
Here is how much of TeX's memory you used:
 13025 strings out of 482426
 216673 string characters out of 5946214
 463427 words of memory out of 5000000
 28259 multiletter control sequences out of 15000+600000
 593668 words of font info for 71 fonts, out of 8000000 for 9000
 14 hyphenation exceptions out of 8191
 34i,12n,37p,2074b,402s stack positions out of 5000i,500n,10000p,200000b,80000s
{/Users/christophercrawford/Library/TinyTeX/texmf-dist/fonts/enc/dvips/lm/lm-
mathex.enc}{/Users/christophercrawford/Library/TinyTeX/texmf-dist/fonts/enc/dvi
ps/lm/lm-ec.enc}{/Users/christophercrawford/Library/TinyTeX/texmf-dist/fonts/en
c/dvips/lm/lm-mathit.enc}{/Users/christophercrawford/Library/TinyTeX/texmf-dist
/fonts/enc/dvips/lm/lm-ts1.enc}{/Users/christophercrawford/Library/TinyTeX/texm
f-dist/fonts/enc/dvips/lm/lm-mathsy.enc}{/Users/christophercrawford/Library/Tin
yTeX/texmf-dist/fonts/enc/dvips/lm/lm-rm.enc}</Users/christophercrawford/Librar
y/TinyTeX/texmf-dist/fonts/type1/public/lm/lmbx10.pfb></Users/christophercrawfo
rd/Library/TinyTeX/texmf-dist/fonts/type1/public/lm/lmbx12.pfb></Users/christop
hercrawford/Library/TinyTeX/texmf-dist/fonts/type1/public/lm/lmbxi10.pfb></User
s/christophercrawford/Library/TinyTeX/texmf-dist/fonts/type1/public/lm/lmex10.p
fb></Users/christophercrawford/Library/TinyTeX/texmf-dist/fonts/type1/public/lm
/lmmi10.pfb></Users/christophercrawford/Library/TinyTeX/texmf-dist/fonts/type1/
public/lm/lmmi7.pfb></Users/christophercrawford/Library/TinyTeX/texmf-dist/font
s/type1/public/lm/lmmi8.pfb></Users/christophercrawford/Library/TinyTeX/texmf-d
ist/fonts/type1/public/lm/lmr10.pfb></Users/christophercrawford/Library/TinyTeX
/texmf-dist/fonts/type1/public/lm/lmr12.pfb></Users/christophercrawford/Library
/TinyTeX/texmf-dist/fonts/type1/public/lm/lmr17.pfb></Users/christophercrawford
/Library/TinyTeX/texmf-dist/fonts/type1/public/lm/lmr6.pfb></Users/christopherc
rawford/Library/TinyTeX/texmf-dist/fonts/type1/public/lm/lmr7.pfb></Users/chris
tophercrawford/Library/TinyTeX/texmf-dist/fonts/type1/public/lm/lmr8.pfb></User
s/christophercrawford/Library/TinyTeX/texmf-dist/fonts/type1/public/lm/lmri10.p
fb></Users/christophercrawford/Library/TinyTeX/texmf-dist/fonts/type1/public/lm
/lmsy10.pfb></Users/christophercrawford/Library/TinyTeX/texmf-dist/fonts/type1/
public/lm/lmsy7.pfb></Users/christophercrawford/Library/TinyTeX/texmf-dist/font
s/type1/public/lm/lmtt10.pfb>
Output written on 5_SI.pdf (53 pages, 23318913 bytes).
PDF statistics:
 941 PDF objects out of 1000 (max. 8388607)
 780 compressed objects within 8 object streams
 231 named destinations out of 1000 (max. 500000)
 354 words of extra memory for PDF output out of 10000 (max. 10000000)

